2008 Jun 30 16:42:44  Result: 9
2008 Jun 30 16:42:44  From address not in member domain. Message not sent.
2008 Aug 13 18:25:39  Result: 9
2008 Aug 13 18:25:39  From address not in member domain. Message not sent.
2009 Apr 17 18:06:27  Result: 9
2009 Apr 17 18:06:27  From address not in member domain. Message not sent.
2009 Apr 18 18:07:49  Result: 9
2009 Apr 18 18:07:49  From address not in member domain. Message not sent.
2009 Apr 20 20:54:49  Result: 9
2009 Apr 20 20:54:49  From address not in member domain. Message not sent.
2010 Aug 18 13:23:20  Result: 9
2010 Aug 18 13:23:20  From address not in member domain. Message not sent.
2012 Dec 22 21:08:56  Result: 9
2012 Dec 22 21:08:56  Result: 9
2012 Dec 22 21:08:56  From address not in member domain. Message not sent.
2012 Dec 22 21:08:56  From address not in member domain. Message not sent.
2012 Dec 24 15:56:18  Result: 9
2012 Dec 24 15:56:18  From address not in member domain. Message not sent.
2012 Dec 24 15:56:18  Result: 9
2012 Dec 24 15:56:18  From address not in member domain. Message not sent.
2012 Dec 25 11:09:06  Result: 9
2012 Dec 25 11:09:06  From address not in member domain. Message not sent.
2012 Dec 25 11:09:06  Result: 9
2012 Dec 25 11:09:06  From address not in member domain. Message not sent.
2013 Nov 01 13:31:31  Result: 9
2013 Nov 01 13:31:31  From address not in member domain. Message not sent.
2013 Nov 07 04:08:47  Result: 9
2013 Nov 07 04:08:47  From address not in member domain. Message not sent.
2013 Nov 07 17:20:37  Result: 9
2013 Nov 07 17:20:37  From address not in member domain. Message not sent.
2013 Nov 10 22:36:51  Result: 9
2013 Nov 10 22:36:51  From address not in member domain. Message not sent.
2013 Nov 11 02:07:39  Sendmail not responding.
2013 Nov 11 16:35:52  Result: 9
2013 Nov 11 16:35:52  From address not in member domain. Message not sent.
2013 Nov 12 00:00:23  Result: 9
2013 Nov 12 00:00:23  From address not in member domain. Message not sent.
2013 Nov 12 12:18:27  Result: 9
2013 Nov 12 12:18:27  From address not in member domain. Message not sent.
2013 Nov 14 20:20:41  Result: 9
2013 Nov 14 20:20:41  From address not in member domain. Message not sent.
2013 Nov 15 03:11:43  Result: 9
2013 Nov 15 03:11:43  From address not in member domain. Message not sent.
2013 Nov 15 17:42:08  Result: 9
2013 Nov 15 17:42:08  From address not in member domain. Message not sent.
2013 Nov 17 19:04:51  Result: 9
2013 Nov 17 19:04:51  From address not in member domain. Message not sent.
2013 Nov 20 21:56:43  Result: 9
2013 Nov 20 21:56:43  From address not in member domain. Message not sent.
2013 Nov 23 04:41:25  Result: 9
2013 Nov 23 04:41:25  From address not in member domain. Message not sent.
2013 Nov 24 02:00:23  Result: 9
2013 Nov 24 02:00:23  From address not in member domain. Message not sent.
2013 Nov 25 16:26:45  Result: 9
2013 Nov 25 16:26:45  From address not in member domain. Message not sent.
2013 Nov 25 19:58:31  Result: 9
2013 Nov 25 19:58:31  From address not in member domain. Message not sent.
2013 Nov 25 23:11:44  Result: 9
2013 Nov 25 23:11:44  From address not in member domain. Message not sent.
2013 Nov 26 22:21:36  Result: 9
2013 Nov 26 22:21:36  From address not in member domain. Message not sent.
2013 Nov 28 22:54:28  Result: 9
2013 Nov 28 22:54:28  From address not in member domain. Message not sent.
2013 Dec 02 22:16:52  Result: 9
2013 Dec 02 22:16:52  From address not in member domain. Message not sent.
2013 Dec 03 02:16:48  Result: 9
2013 Dec 03 02:16:48  From address not in member domain. Message not sent.
2013 Dec 06 14:07:57  Result: 9
2013 Dec 06 14:07:57  From address not in member domain. Message not sent.
2013 Dec 08 16:04:50  Result: 9
2013 Dec 08 16:04:50  From address not in member domain. Message not sent.
2013 Dec 09 22:16:57  Result: 9
2013 Dec 09 22:16:57  From address not in member domain. Message not sent.
2013 Dec 10 04:25:03  Result: 9
2013 Dec 10 04:25:03  From address not in member domain. Message not sent.
2013 Dec 11 16:07:50  Result: 9
2013 Dec 11 16:07:50  From address not in member domain. Message not sent.
2013 Dec 13 19:26:03  Result: 9
2013 Dec 13 19:26:03  From address not in member domain. Message not sent.
2013 Dec 15 17:52:01  Result: 9
2013 Dec 15 17:52:01  From address not in member domain. Message not sent.
2013 Dec 27 02:11:27  Result: 9
2013 Dec 27 02:11:27  From address not in member domain. Message not sent.
2013 Dec 31 03:59:37  Result: 9
2013 Dec 31 03:59:37  From address not in member domain. Message not sent.
2013 Dec 31 23:32:09  Result: 9
2013 Dec 31 23:32:09  From address not in member domain. Message not sent.
2014 Jan 11 14:06:01  Result: 9
2014 Jan 11 14:06:01  From address not in member domain. Message not sent.
2014 Jan 23 23:03:12  Result: 9
2014 Jan 23 23:03:12  From address not in member domain. Message not sent.
2014 Jan 24 19:05:15  Result: 9
2014 Jan 24 19:05:15  From address not in member domain. Message not sent.
2014 Jan 24 19:05:17  Result: 9
2014 Jan 24 19:05:17  From address not in member domain. Message not sent.
2014 Jan 25 02:55:20  Result: 9
2014 Jan 25 02:55:20  From address not in member domain. Message not sent.
2014 Feb 01 08:36:11  Result: 9
2014 Feb 01 08:36:11  From address not in member domain. Message not sent.
2014 Feb 07 00:50:12  Result: 9
2014 Feb 07 00:50:12  From address not in member domain. Message not sent.
2014 Feb 10 00:44:23  Result: 9
2014 Feb 10 00:44:23  From address not in member domain. Message not sent.
2014 Feb 10 00:44:24  Result: 9
2014 Feb 10 00:44:24  From address not in member domain. Message not sent.
2014 Feb 15 13:25:49  Result: 9
2014 Feb 15 13:25:49  From address not in member domain. Message not sent.
2014 Feb 25 21:45:59  Result: 9
2014 Feb 25 21:45:59  From address not in member domain. Message not sent.
2014 Feb 25 21:46:38  Result: 9
2014 Feb 25 21:46:38  From address not in member domain. Message not sent.
2014 Mar 04 14:07:09  Result: 9
2014 Mar 04 14:07:09  From address not in member domain. Message not sent.
2014 Mar 07 03:23:25  Result: 9
2014 Mar 07 03:23:25  From address not in member domain. Message not sent.
2014 Mar 10 00:49:51  Result: 9
2014 Mar 10 00:49:51  From address not in member domain. Message not sent.
2014 Mar 12 16:29:59  Result: 9
2014 Mar 12 16:29:59  From address not in member domain. Message not sent.
2014 Mar 12 21:45:42  Result: 9
2014 Mar 12 21:45:42  From address not in member domain. Message not sent.
2014 Mar 14 13:47:02  Result: 9
2014 Mar 14 13:47:02  From address not in member domain. Message not sent.
2014 Mar 14 15:30:11  Result: 9
2014 Mar 14 15:30:11  From address not in member domain. Message not sent.
2014 Mar 14 15:36:24  Result: 9
2014 Mar 14 15:36:24  From address not in member domain. Message not sent.
2014 Mar 18 21:03:28  Result: 9
2014 Mar 18 21:03:28  From address not in member domain. Message not sent.
2014 Mar 25 00:12:24  Result: 9
2014 Mar 25 00:12:24  From address not in member domain. Message not sent.
2014 Mar 25 11:36:56  Result: 9
2014 Mar 25 11:36:56  From address not in member domain. Message not sent.
2014 Mar 26 23:33:59  Result: 9
2014 Mar 26 23:33:59  From address not in member domain. Message not sent.
2014 Mar 29 23:35:26  Result: 9
2014 Mar 29 23:35:26  From address not in member domain. Message not sent.
2014 Mar 31 15:16:11  Result: 9
2014 Mar 31 15:16:11  From address not in member domain. Message not sent.
2014 Apr 03 02:54:52  Result: 9
2014 Apr 03 02:54:52  From address not in member domain. Message not sent.
2014 Apr 09 01:09:16  Result: 9
2014 Apr 09 01:09:16  From address not in member domain. Message not sent.
2014 Apr 11 18:47:37  Result: 9
2014 Apr 11 18:47:37  From address not in member domain. Message not sent.
2014 Apr 12 23:53:41  Result: 9
2014 Apr 12 23:53:41  From address not in member domain. Message not sent.
2014 Apr 13 23:17:08  Result: 9
2014 Apr 13 23:17:08  From address not in member domain. Message not sent.
2014 Apr 14 15:47:40  Result: 9
2014 Apr 14 15:47:40  From address not in member domain. Message not sent.
2014 Apr 16 12:07:30  Result: 9
2014 Apr 16 12:07:30  From address not in member domain. Message not sent.
2014 Apr 17 14:55:52  Result: 9
2014 Apr 17 14:55:52  From address not in member domain. Message not sent.
2014 Apr 20 11:53:30  Result: 9
2014 Apr 20 11:53:30  From address not in member domain. Message not sent.
2014 Apr 20 20:15:30  Result: 9
2014 Apr 20 20:15:30  From address not in member domain. Message not sent.
2014 Apr 23 16:15:44  Result: 9
2014 Apr 23 16:15:44  From address not in member domain. Message not sent.
2014 Apr 24 03:31:25  Result: 9
2014 Apr 24 03:31:25  From address not in member domain. Message not sent.
2014 Apr 26 07:35:45  Result: 9
2014 Apr 26 07:35:45  From address not in member domain. Message not sent.
2014 Apr 28 16:03:17  Result: 9
2014 Apr 28 16:03:17  From address not in member domain. Message not sent.
2014 Apr 28 22:15:36  Result: 9
2014 Apr 28 22:15:36  From address not in member domain. Message not sent.
2014 Apr 29 06:03:10  Result: 9
2014 Apr 29 06:03:10  From address not in member domain. Message not sent.
2014 Apr 29 19:25:11  Result: 9
2014 Apr 29 19:25:11  From address not in member domain. Message not sent.
2014 Apr 30 23:31:03  Result: 9
2014 Apr 30 23:31:03  From address not in member domain. Message not sent.
2014 May 05 16:53:49  Result: 9
2014 May 05 16:53:49  From address not in member domain. Message not sent.
2014 May 06 01:03:21  Result: 9
2014 May 06 01:03:21  From address not in member domain. Message not sent.
2014 May 06 09:09:27  Result: 9
2014 May 06 09:09:27  From address not in member domain. Message not sent.
2014 May 06 22:48:16  Result: 9
2014 May 06 22:48:16  From address not in member domain. Message not sent.
2014 May 07 17:39:04  Result: 9
2014 May 07 17:39:04  From address not in member domain. Message not sent.
2014 May 07 21:20:02  Result: 9
2014 May 07 21:20:02  From address not in member domain. Message not sent.
2014 May 08 02:39:28  Result: 9
2014 May 08 02:39:28  From address not in member domain. Message not sent.
2014 May 12 00:41:51  Result: 9
2014 May 12 00:41:51  From address not in member domain. Message not sent.
2014 May 13 17:08:32  Result: 9
2014 May 13 17:08:32  From address not in member domain. Message not sent.
2014 May 13 21:07:53  Result: 9
2014 May 13 21:07:53  From address not in member domain. Message not sent.
2014 May 15 18:46:59  Sendmail not responding.
2014 May 15 18:47:02  Sendmail not responding.
2014 May 17 18:27:44  Result: 9
2014 May 17 18:27:44  From address not in member domain. Message not sent.
2014 May 19 00:58:25  Result: 9
2014 May 19 00:58:25  From address not in member domain. Message not sent.
2014 May 22 15:00:15  Result: 9
2014 May 22 15:00:15  From address not in member domain. Message not sent.
2014 May 22 21:03:17  Result: 9
2014 May 22 21:03:17  From address not in member domain. Message not sent.
2014 May 23 05:55:58  Result: 9
2014 May 23 05:55:58  From address not in member domain. Message not sent.
2014 May 24 22:33:50  Result: 9
2014 May 24 22:33:50  From address not in member domain. Message not sent.
2014 May 25 23:43:50  Result: 9
2014 May 25 23:43:50  From address not in member domain. Message not sent.
2014 May 25 23:46:36  Result: 9
2014 May 25 23:46:36  From address not in member domain. Message not sent.
2014 May 29 01:01:27  Result: 9
2014 May 29 01:01:27  From address not in member domain. Message not sent.
2014 May 30 11:40:20  Result: 9
2014 May 30 11:40:20  From address not in member domain. Message not sent.
2014 Jun 02 04:14:38  Result: 9
2014 Jun 02 04:14:38  From address not in member domain. Message not sent.
2014 Jun 03 07:01:28  Result: 9
2014 Jun 03 07:01:28  From address not in member domain. Message not sent.
2014 Jun 09 23:50:45  Result: 9
2014 Jun 09 23:50:45  From address not in member domain. Message not sent.
2014 Jun 10 00:40:56  Sendmail not responding.
2014 Jun 10 00:41:16  Sendmail not responding.
2014 Jun 10 00:41:17  Sendmail not responding.
2014 Jun 10 00:41:21  Result: 9
2014 Jun 10 00:41:21  From address not in member domain. Message not sent.
2014 Jun 10 01:59:58  Result: 9
2014 Jun 10 01:59:58  From address not in member domain. Message not sent.
2014 Jun 11 14:42:05  Result: 9
2014 Jun 11 14:42:05  From address not in member domain. Message not sent.
2014 Jun 11 19:07:32  Result: 9
2014 Jun 11 19:07:32  From address not in member domain. Message not sent.
2014 Jun 12 02:29:08  Result: 9
2014 Jun 12 02:29:08  From address not in member domain. Message not sent.
2014 Jun 12 04:51:28  Result: 9
2014 Jun 12 04:51:28  From address not in member domain. Message not sent.
2014 Jun 12 18:50:55  Sendmail not responding.
2014 Jun 19 10:02:12  Result: 9
2014 Jun 19 10:02:12  From address not in member domain. Message not sent.
2014 Jun 19 23:38:26  Result: 9
2014 Jun 19 23:38:26  From address not in member domain. Message not sent.
2014 Jun 20 20:59:57  Result: 9
2014 Jun 20 20:59:57  From address not in member domain. Message not sent.
2014 Jun 23 13:16:05  Result: 9
2014 Jun 23 13:16:05  From address not in member domain. Message not sent.
2014 Jun 26 01:29:08  Result: 9
2014 Jun 26 01:29:08  From address not in member domain. Message not sent.
2014 Jun 26 02:03:15  Result: 9
2014 Jun 26 02:03:15  From address not in member domain. Message not sent.
2014 Jun 26 19:40:55  Result: 9
2014 Jun 26 19:40:55  From address not in member domain. Message not sent.
2014 Jun 26 22:38:27  Result: 9
2014 Jun 26 22:38:27  From address not in member domain. Message not sent.
2014 Jun 27 09:10:55  Result: 9
2014 Jun 27 09:10:55  From address not in member domain. Message not sent.
2014 Jun 27 09:10:56  Result: 9
2014 Jun 27 09:10:56  From address not in member domain. Message not sent.
2014 Jun 30 23:25:40  Result: 9
2014 Jun 30 23:25:40  From address not in member domain. Message not sent.
2014 Jul 01 15:00:32  Result: 9
2014 Jul 01 15:00:32  From address not in member domain. Message not sent.
2014 Jul 02 14:59:24  Result: 9
2014 Jul 02 14:59:24  From address not in member domain. Message not sent.
2014 Jul 08 17:04:47  Result: 9
2014 Jul 08 17:04:47  From address not in member domain. Message not sent.
2014 Jul 14 23:53:16  Result: 9
2014 Jul 14 23:53:16  From address not in member domain. Message not sent.
2014 Jul 18 08:39:36  Result: 9
2014 Jul 18 08:39:36  From address not in member domain. Message not sent.
2014 Jul 21 21:48:29  Result: 9
2014 Jul 21 21:48:29  From address not in member domain. Message not sent.
2014 Jul 25 19:09:47  Result: 9
2014 Jul 25 19:09:47  From address not in member domain. Message not sent.
2014 Jul 27 12:15:57  Result: 9
2014 Jul 27 12:15:57  From address not in member domain. Message not sent.
2014 Jul 31 03:35:38  Result: 9
2014 Jul 31 03:35:38  From address not in member domain. Message not sent.
2014 Aug 04 23:12:17  Result: 9
2014 Aug 04 23:12:17  From address not in member domain. Message not sent.
2014 Aug 05 03:37:47  Result: 9
2014 Aug 05 03:37:47  From address not in member domain. Message not sent.
2014 Aug 06 00:59:02  Result: 9
2014 Aug 06 00:59:02  From address not in member domain. Message not sent.
2014 Aug 06 07:35:08  Result: 9
2014 Aug 06 07:35:08  From address not in member domain. Message not sent.
2014 Aug 08 15:57:27  Result: 9
2014 Aug 08 15:57:27  From address not in member domain. Message not sent.
2014 Aug 13 12:47:08  Result: 9
2014 Aug 13 12:47:08  From address not in member domain. Message not sent.
2014 Aug 14 19:41:57  Result: 9
2014 Aug 14 19:41:57  From address not in member domain. Message not sent.
2014 Aug 14 19:49:00  Result: 9
2014 Aug 14 19:49:00  From address not in member domain. Message not sent.
2014 Aug 17 18:56:43  Result: 9
2014 Aug 17 18:56:43  From address not in member domain. Message not sent.
2014 Aug 29 12:16:10  Result: 9
2014 Aug 29 12:16:10  From address not in member domain. Message not sent.
2014 Sep 01 01:49:37  Result: 9
2014 Sep 01 01:49:37  From address not in member domain. Message not sent.
2014 Sep 02 17:45:37  Result: 9
2014 Sep 02 17:45:37  From address not in member domain. Message not sent.
2014 Sep 07 18:53:15  Result: 9
2014 Sep 07 18:53:15  From address not in member domain. Message not sent.
2014 Sep 09 15:48:58  Result: 9
2014 Sep 09 15:48:58  From address not in member domain. Message not sent.
2014 Sep 09 21:13:08  Result: 9
2014 Sep 09 21:13:08  From address not in member domain. Message not sent.
2014 Sep 09 22:53:46  Result: 9
2014 Sep 09 22:53:46  From address not in member domain. Message not sent.
2014 Sep 15 16:02:22  Result: 9
2014 Sep 15 16:02:22  From address not in member domain. Message not sent.
2014 Sep 20 00:00:20  Result: 9
2014 Sep 20 00:00:20  From address not in member domain. Message not sent.
2014 Sep 21 00:27:25  Result: 9
2014 Sep 21 00:27:25  From address not in member domain. Message not sent.
2014 Sep 22 14:59:33  Result: 9
2014 Sep 22 14:59:33  From address not in member domain. Message not sent.
2014 Sep 22 23:36:19  Result: 9
2014 Sep 22 23:36:19  From address not in member domain. Message not sent.
2014 Sep 25 02:46:38  Result: 9
2014 Sep 25 02:46:38  From address not in member domain. Message not sent.
2014 Sep 26 17:14:52  Result: 9
2014 Sep 26 17:14:52  From address not in member domain. Message not sent.
2014 Oct 13 20:43:33  Result: 9
2014 Oct 13 20:43:33  From address not in member domain. Message not sent.
2014 Oct 15 18:27:28  Result: 9
2014 Oct 15 18:27:28  From address not in member domain. Message not sent.
2014 Oct 17 18:24:59  Result: 9
2014 Oct 17 18:24:59  From address not in member domain. Message not sent.
2014 Oct 19 19:35:25  Result: 9
2014 Oct 19 19:35:25  From address not in member domain. Message not sent.
2014 Oct 27 12:38:58  Sendmail not responding.
2014 Oct 27 12:40:34  Sendmail not responding.
2014 Oct 27 12:42:32  Sendmail not responding.
2014 Oct 27 23:54:24  Sendmail not responding.
2014 Nov 01 23:02:30  Result: 9
2014 Nov 01 23:02:30  From address not in member domain. Message not sent.
2014 Nov 04 18:03:04  Result: 9
2014 Nov 04 18:03:04  From address not in member domain. Message not sent.
2014 Nov 09 14:26:00  Result: 9
2014 Nov 09 14:26:00  From address not in member domain. Message not sent.
2014 Nov 19 23:48:28  Result: 9
2014 Nov 19 23:48:28  From address not in member domain. Message not sent.
2014 Nov 21 21:32:31  Result: 9
2014 Nov 21 21:32:31  From address not in member domain. Message not sent.
2014 Nov 30 19:27:30  Result: 9
2014 Nov 30 19:27:30  From address not in member domain. Message not sent.
2014 Nov 30 23:19:10  Result: 9
2014 Nov 30 23:19:10  From address not in member domain. Message not sent.
2014 Dec 03 10:10:43  Result: 9
2014 Dec 03 10:10:43  From address not in member domain. Message not sent.
2014 Dec 08 18:55:36  Result: 9
2014 Dec 08 18:55:36  From address not in member domain. Message not sent.
2014 Dec 10 17:17:46  Result: 9
2014 Dec 10 17:17:46  From address not in member domain. Message not sent.
2014 Dec 15 04:56:38  Result: 9
2014 Dec 15 04:56:38  From address not in member domain. Message not sent.
2014 Dec 17 13:33:26  Result: 9
2014 Dec 17 13:33:26  From address not in member domain. Message not sent.
2014 Dec 18 20:22:00  Result: 9
2014 Dec 18 20:22:00  From address not in member domain. Message not sent.
2014 Dec 20 15:26:40  Result: 9
2014 Dec 20 15:26:40  From address not in member domain. Message not sent.
2015 Jan 13 01:44:55  Result: 9
2015 Jan 13 01:44:55  From address not in member domain. Message not sent.
2015 Jan 21 03:23:17  Result: 9
2015 Jan 21 03:23:17  From address not in member domain. Message not sent.
2015 Jan 22 08:59:28  Result: 9
2015 Jan 22 08:59:28  From address not in member domain. Message not sent.
2015 Jan 25 16:07:15  Result: 9
2015 Jan 25 16:07:15  From address not in member domain. Message not sent.
2015 Jan 26 17:57:50  Result: 9
2015 Jan 26 17:57:50  From address not in member domain. Message not sent.
2015 Jan 26 23:26:35  Result: 9
2015 Jan 26 23:26:35  From address not in member domain. Message not sent.
2015 Jan 27 03:43:00  Result: 9
2015 Jan 27 03:43:00  From address not in member domain. Message not sent.
2015 Jan 28 04:09:36  Result: 9
2015 Jan 28 04:09:36  From address not in member domain. Message not sent.
2015 Feb 03 00:03:21  Result: 9
2015 Feb 03 00:03:21  From address not in member domain. Message not sent.
2015 Feb 06 00:47:44  Result: 9
2015 Feb 06 00:47:44  From address not in member domain. Message not sent.
2015 Feb 06 16:35:45  Result: 9
2015 Feb 06 16:35:45  From address not in member domain. Message not sent.
2015 Feb 11 20:05:13  Result: 9
2015 Feb 11 20:05:13  From address not in member domain. Message not sent.
2015 Feb 21 10:15:50  Result: 9
2015 Feb 21 10:15:50  From address not in member domain. Message not sent.
2015 Feb 21 10:21:52  Result: 9
2015 Feb 21 10:21:52  From address not in member domain. Message not sent.
2015 Feb 22 15:00:35  Result: 9
2015 Feb 22 15:00:35  From address not in member domain. Message not sent.
2015 Feb 25 17:05:47  Result: 9
2015 Feb 25 17:05:47  From address not in member domain. Message not sent.
2015 Mar 05 04:49:17  Result: 9
2015 Mar 05 04:49:17  From address not in member domain. Message not sent.
2015 Mar 09 18:19:11  Result: 9
2015 Mar 09 18:19:11  From address not in member domain. Message not sent.
2015 Mar 16 21:09:41  Result: 9
2015 Mar 16 21:09:41  From address not in member domain. Message not sent.
2015 Mar 17 14:20:26  Result: 9
2015 Mar 17 14:20:26  From address not in member domain. Message not sent.
2015 Mar 23 17:50:49  Result: 9
2015 Mar 23 17:50:49  From address not in member domain. Message not sent.
2015 Mar 24 20:54:53  Result: 9
2015 Mar 24 20:54:53  From address not in member domain. Message not sent.
2015 Mar 27 15:59:04  Result: 9
2015 Mar 27 15:59:05  From address not in member domain. Message not sent.
2015 Mar 27 17:32:20  Result: 9
2015 Mar 27 17:32:20  From address not in member domain. Message not sent.
2015 Mar 28 00:06:36  Result: 9
2015 Mar 28 00:06:36  From address not in member domain. Message not sent.
2015 Mar 28 09:32:21  Result: 9
2015 Mar 28 09:32:21  From address not in member domain. Message not sent.
2015 Mar 30 19:19:59  Result: 9
2015 Mar 30 19:19:59  From address not in member domain. Message not sent.
2015 Jun 03 15:04:31  Result: 9
2015 Jun 03 15:04:31  From address not in member domain. Message not sent.
2015 Jun 03 15:08:19  Result: 9
2015 Jun 03 15:08:19  From address not in member domain. Message not sent.
2015 Jun 03 15:11:37  Result: 9
2015 Jun 03 15:11:37  From address not in member domain. Message not sent.
2015 Dec 04 01:55:16  Sendmail not responding.
2015 Dec 04 01:58:12  Sendmail not responding.
